<?xml version="1.0" encoding="UTF-8"?>
<!-- Generated by org.testng.reporters.JUnitReportReporter -->
<testsuite hostname="LAPTOP-ER81FAOP" failures="0" tests="6" name="testNg.TestNgClass1" time="114.828" errors="0" timestamp="2023-02-22T17:25:13 IST" skipped="0">
  <testcase classname="testNg.TestNgClass1" name="VerifyCreatePlayList" time="23.866"/>
  <system-out/>
  <testcase classname="testNg.TestNgClass1" name="VerifyPlaySong" time="15.733"/>
  <system-out/>
  <testcase classname="testNg.TestNgClass1" name="VerifyPlaySong" time="22.162"/>
  <system-out/>
  <testcase classname="testNg.TestNgClass1" name="VerifyLikedSongPlay" time="15.016"/>
  <system-out/>
  <testcase classname="testNg.TestNgClass1" name="VerifyCreatePlayList" time="22.376"/>
  <system-out/>
  <testcase classname="testNg.TestNgClass1" name="VerifyLikedSongPlay" time="15.675"/>
  <system-out/>
</testsuite> <!-- testNg.TestNgClass1 -->
