<?xml version="1.0" encoding="UTF-8"?>
<!-- Generated by org.testng.reporters.JUnitReportReporter -->
<testsuite hostname="LAPTOP-ER81FAOP" failures="0" tests="2" name="testNg.TestNgclass2" time="70.027" errors="0" timestamp="2023-02-22T17:25:13 IST" skipped="0">
  <testcase classname="testNg.TestNgclass2" name="VerifyNotificationSetting" time="35.087"/>
  <system-out/>
  <testcase classname="testNg.TestNgclass2" name="VerifyNotificationSetting" time="34.940"/>
  <system-out/>
</testsuite> <!-- testNg.TestNgclass2 -->
